<?xml version="1.0" encoding="UTF-8"?>
<testsuite xmlns:xsi="http://www.w3.org/2001/XMLSchema-instance" xsi:noNamespaceSchemaLocation="https://maven.apache.org/surefire/maven-surefire-plugin/xsd/surefire-test-report.xsd" version="3.0.2" name="com.httpactions.config.RateLimitFilterTest" time="0.545" tests="12" errors="0" skipped="0" failures="0" flakes="0">
  <properties>
[...]
</properties>
  <testcase name="apiPath_missingToken_firstRequestUnderQuota_passes" classname="com.httpactions.config.RateLimitFilterTest" time="0.489">
    <system-err><![CDATA[Mockito is currently self-attaching to enable the inline-mock-maker. This will no longer work in future releases of the JDK. Please add Mockito as an agent to your build as described in Mockito's documentation: https://javadoc.io/doc/org.mockito/mockito-core/latest/org.mockito/org/mockito/Mockito.html#0.3
WARNING: A Java agent has been loaded dynamically (/Users/15x/.m2/repository/net/bytebuddy/byte-buddy-agent/1.17.8/byte-buddy-agent-1.17.8.jar)
WARNING: If a serviceability tool is in use, please run with -XX:+EnableDynamicAgentLoading to hide this warning
WARNING: If a serviceability tool is not in use, please run with -Djdk.instrument.traceUsage for more information
WARNING: Dynamic loading of agents will be disallowed by default in a future release
]]></system-err>
  </testcase>
  <testcase name="healthPath_bypassesLimiterAndTokenLookup" classname="com.httpactions.config.RateLimitFilterTest" time="0.004"/>
  <testcase name="apiPath_differentWorkspaces_independentLimits" classname="com.httpactions.config.RateLimitFilterTest" time="0.017"/>
  <testcase name="sidebarPath_passesThrough" classname="com.httpactions.config.RateLimitFilterTest" time="0.003"/>
  <testcase name="apiPath_cachedContextAttribute_skipsTokenVerification" classname="com.httpactions.config.RateLimitFilterTest" time="0.002"/>
  <testcase name="apiPath_withinLimit_passesThrough" classname="com.httpactions.config.RateLimitFilterTest" time="0.004"/>
  <testcase name="nonApiPath_passesThrough" classname="com.httpactions.config.RateLimitFilterTest" time="0.002"/>
  <testcase name="apiPath_malformedToken_firstRequestUnderQuota_passes" classname="com.httpactions.config.RateLimitFilterTest" time="0.002"/>
  <testcase name="apiPath_blankToken_firstRequestUnderQuota_passes" classname="com.httpactions.config.RateLimitFilterTest" time="0.002"/>
  <testcase name="webhookPath_passesThrough" classname="com.httpactions.config.RateLimitFilterTest" time="0.002"/>
  <testcase name="apiPath_exceedingLimit_returns429" classname="com.httpactions.config.RateLimitFilterTest" time="0.007">
    <system-out><![CDATA[02:35:29.649 [main] WARN com.httpactions.config.RateLimitFilter -- Rate limit exceeded for workspace ws-rate-limited group actions
]]></system-out>
  </testcase>
  <testcase name="rateLimitFilter_unauthenticatedRequests_rateLimited" classname="com.httpactions.config.RateLimitFilterTest" time="0.002">
    <system-out><![CDATA[02:35:29.653 [main] WARN com.httpactions.config.RateLimitFilter -- IP rate limit exceeded for group actions from 192.168.1.100
]]></system-out>
  </testcase>
</testsuite>